<?xml version="1.0" encoding="UTF-8"?>
<testsuite name="FirstTest" tests="1" skipped="0" failures="0" errors="0" timestamp="2021-01-14T17:48:20" hostname="MacBook-Air-Mariusz.local" time="0.718">
  <properties/>
  <testcase name="deleteGame11JSON" classname="FirstTest" time="0.718"/>
  <system-out><![CDATA[Request method:	DELETE
Request URI:	http://localhost:8080/app/videogames/11
Proxy:			<none>
Request params:	<none>
Query params:	<none>
Form params:	<none>
Path params:	<none>
Headers:		Accept=application/json
				Content-Type=application/json; charset=UTF-8
Cookies:		<none>
Multiparts:		<none>
Body:			<none>
HTTP/1.1 200 
Content-Type: application/json
Content-Length: 41
Date: Thu, 14 Jan 2021 17:48:20 GMT

{
    "status": "Record Deleted Successfully"
}
]]></system-out>
  <system-err><![CDATA[]]></system-err>
</testsuite>
