<?xml version="1.0" encoding="UTF-8"?>
<testsuite name="FirstTest" tests="1" skipped="0" failures="0" errors="0" timestamp="2021-01-14T06:40:59" hostname="MacBook-Air-Mariusz.local" time="0.831">
  <properties/>
  <testcase name="getAllGames" classname="FirstTest" time="0.831"/>
  <system-out><![CDATA[Request method:	GET
Request URI:	http://localhost:8080/app/videogames
Proxy:			<none>
Request params:	<none>
Query params:	<none>
Form params:	<none>
Path params:	<none>
Headers:		Accept=application/json
				Content-Type=application/json; charset=UTF-8
Cookies:		<none>
Multiparts:		<none>
Body:			<none>
HTTP/1.1 200 
Content-Type: application/json
Content-Length: 1183
Date: Thu, 14 Jan 2021 06:41:00 GMT

[
    {
        "id": 1,
        "name": "Resident Evil 4",
        "releaseDate": "2005-10-01",
        "reviewScore": 85,
        "category": "Shooter",
        "rating": "Universal"
    },
    {
        "id": 2,
        "name": "Gran Turismo 3",
        "releaseDate": "2001-03-10",
        "reviewScore": 91,
        "category": "Driving",
        "rating": "Universal"
    },
    {
        "id": 3,
        "name": "Tetris",
        "releaseDate": "1984-06-25",
        "reviewScore": 88,
        "category": "Puzzle",
        "rating": "Universal"
    },
    {
        "id": 4,
        "name": "Super Mario 64",
        "releaseDate": "1996-10-20",
        "reviewScore": 90,
        "category": "Platform",
        "rating": "Universal"
    },
    {
        "id": 5,
        "name": "The Legend of Zelda: Ocarina of Time",
        "releaseDate": "1998-12-10",
        "reviewScore": 93,
        "category": "Adventure",
        "rating": "PG-13"
    },
    {
        "id": 6,
        "name": "Doom",
        "releaseDate": "1993-02-18",
        "reviewScore": 81,
        "category": "Shooter",
        "rating": "Mature"
    },
    {
        "id": 7,
        "name": "Minecraft",
        "releaseDate": "2011-12-05",
        "reviewScore": 77,
        "category": "Puzzle",
        "rating": "Universal"
    },
    {
        "id": 8,
        "name": "SimCity 2000",
        "releaseDate": "1994-09-11",
        "reviewScore": 88,
        "category": "Strategy",
        "rating": "Universal"
    },
    {
        "id": 9,
        "name": "Final Fantasy VII",
        "releaseDate": "1997-08-20",
        "reviewScore": 97,
        "category": "RPG",
        "rating": "PG-13"
    },
    {
        "id": 10,
        "name": "Grand Theft Auto III",
        "releaseDate": "2001-04-23",
        "reviewScore": 90,
        "category": "Driving",
        "rating": "Mature"
    }
]
]]></system-out>
  <system-err><![CDATA[]]></system-err>
</testsuite>
